#
# A fatal error has been detected by the Java Runtime Environment:
#
#  SIGSEGV (0xb) at pc=0x00007fff686dff49, pid=22647, tid=0x000000000000a603
#
# JRE version: Java(TM) SE Runtime Environment (8.0_171-b11) (build 1.8.0_171-b11)
# Java VM: Java HotSpot(TM) 64-Bit Server VM (25.171-b11 mixed mode bsd-amd64 compressed oops)
# Problematic frame:
# C  [libsystem_platform.dylib+0x4f49]  _platform_memmove$VARIANT$Haswell+0x29
#
# Failed to write core dump. Core dumps have been disabled. To enable core dumping, try "ulimit -c unlimited" before starting Java again
#
# If you would like to submit a bug report, please visit:
#   http://bugreport.java.com/bugreport/crash.jsp
# The crash happened outside the Java Virtual Machine in native code.
# See problematic frame for where to report the bug.
#

---------------  T H R E A D  ---------------

Current thread (0x00007fe3da88e800):  JavaThread "Thread-9" [_thread_in_native, id=42499, stack(0x000070000ca37000,0x000070000cb37000)]

siginfo: si_signo: 11 (SIGSEGV), si_code: 1 (SEGV_MAPERR), si_addr: 0x000000010a9f8000

Registers:
RAX=0x00007fe3da954a00, RBX=0x000000010a9ef975, RCX=0x0000000000002547, RDX=0x000000000000aba4
RSP=0x000070000cb33f70, RBP=0x000070000cb33f70, RSI=0x000000010a9f8000, RDI=0x00007fe3da95d05d
R8 =0x0000000000000000, R9 =0x0000000000008063, R10=0x0000000000000000, R11=0x00007fe2cff6505d
R12=0x000000001bedad78, R13=0x0000000069000808, R14=0x000000007a2fea1c, R15=0x000000000000ff1e
RIP=0x00007fff686dff49, EFLAGS=0x0000000000010202, ERR=0x0000000000000004
  TRAPNO=0x000000000000000e

Top of Stack: (sp=0x000070000cb33f70)
0x000070000cb33f70:   000070000cb33fe0 000000010a9b7006
0x000070000cb33f80:   0000001eda406e10 00000000000000ff
0x000070000cb33f90:   0000000000005002 00007fe3da954a00
0x000070000cb33fa0:   000000000000aba4 00007fe3da4075e0
0x000070000cb33fb0:   00007fe3da542980 00007fe3da4075e0
0x000070000cb33fc0:   00007fe3db008a00 0000000000000050
0x000070000cb33fd0:   000000000186a9bd 00007fe3da41e130
0x000070000cb33fe0:   000070000cb34040 000000010a9b752d
0x000070000cb33ff0:   000070000cb34089 000070000cb34088
0x000070000cb34000:   0000002900000000 0000002a0188e800
0x000070000cb34010:   000070000cb3405e 000070000cb34528
0x000070000cb34020:   000000000000002a 000070000cb3405e
0x000070000cb34030:   00007fe3da4075e0 00007fe3da88e9f8
0x000070000cb34040:   000070000cb34490 000000010a9b6238
0x000070000cb34050:   000070000cb34090 7453000100000001
0x000070000cb34060:   72745372616c6c65 2f73657275746375
0x000070000cb34070:   746176726573624f 696f506c616e6f69
0x000070000cb34080:   7373616c632e746e 000000010b2a1600
0x000070000cb34090:   000070000cb340e0 000000010b2a12d7
0x000070000cb340a0:   00007fe3da88e800 0000008000000000
0x000070000cb340b0:   0000000000000000 0000000000000000
0x000070000cb340c0:   0000000000000000 0000000011256d80
0x000070000cb340d0:   0000000111213330 00007fe3da518870
0x000070000cb340e0:   000070000cb34110 000000010b2a167a
0x000070000cb340f0:   0000000000000000 0000000000000000
0x000070000cb34100:   0000000111213330 00007fe3da518870
0x000070000cb34110:   000070000cb341a0 000000010b2a265b
0x000070000cb34120:   00007fe3da88e800 000070000cb34208
0x000070000cb34130:   00007fe311256d60 000000011116b788
0x000070000cb34140:   0000000111213330 00007fe3da88e800
0x000070000cb34150:   00000000da88e800 000000010b2a241e
0x000070000cb34160:   000070000cb34180 0000000111213330 

Instructions: (pc=0x00007fff686dff49)
0x00007fff686dff29:   f3 48 89 f8 49 39 d3 72 1b 48 83 fa 60 76 2f 48
0x00007fff686dff39:   81 fa 00 40 00 00 0f 82 cb 00 00 00 48 89 d1 fc
0x00007fff686dff49:   f3 a4 5d c3 48 39 fe 74 f9 48 01 d6 48 01 d7 48
0x00007fff686dff59:   83 fa 60 0f 82 8c 01 00 00 e9 a9 01 00 00 48 83 

Register to memory mapping:

RAX=0x00007fe3da954a00 is an unknown value
RBX=0x000000010a9ef975 is an unknown value
RCX=0x0000000000002547 is an unknown value
RDX=0x000000000000aba4 is an unknown value
RSP=0x000070000cb33f70 is pointing into the stack for thread: 0x00007fe3da88e800
RBP=0x000070000cb33f70 is pointing into the stack for thread: 0x00007fe3da88e800
RSI=0x000000010a9f8000 is an unknown value
RDI=0x00007fe3da95d05d is an unknown value
R8 =0x0000000000000000 is an unknown value
R9 =0x0000000000008063 is an unknown value
R10=0x0000000000000000 is an unknown value
R11=0x00007fe2cff6505d is an unknown value
R12=0x000000001bedad78 is an unknown value
R13=0x0000000069000808 is an unknown value
R14=0x000000007a2fea1c is an unknown value
R15=0x000000000000ff1e is an unknown value


Stack: [0x000070000ca37000,0x000070000cb37000],  sp=0x000070000cb33f70,  free space=1011k
Native frames: (J=compiled Java code, j=interpreted, Vv=VM code, C=native code)
C  [libsystem_platform.dylib+0x4f49]  _platform_memmove$VARIANT$Haswell+0x29
C  [libzip.dylib+0x3006]  newEntry+0x2c8
C  [libzip.dylib+0x352d]  ZIP_GetEntry2+0xd4
C  [libzip.dylib+0x2238]  Java_java_util_zip_ZipFile_getEntry+0xcf
j  java.util.zip.ZipFile.getEntry(J[BZ)J+0
j  java.util.zip.ZipFile.getEntry(Ljava/lang/String;)Ljava/util/zip/ZipEntry;+38
J 226 C1 sun.misc.URLClassPath$JarLoader.getResource(Ljava/lang/String;Z)Lsun/misc/Resource; (85 bytes) @ 0x0000000117bdc7c4 [0x0000000117bdc560+0x264]
j  sun.misc.URLClassPath.getResource(Ljava/lang/String;Z)Lsun/misc/Resource;+62
j  java.net.URLClassLoader$1.run()Ljava/lang/Class;+26
j  java.net.URLClassLoader$1.run()Ljava/lang/Object;+1
v  ~StubRoutines::call_stub
V  [libjvm.dylib+0x2ef1f6]
V  [libjvm.dylib+0x34fb24]
j  java.security.AccessController.doPrivileged(Ljava/security/PrivilegedExceptionAction;Ljava/security/AccessControlContext;)Ljava/lang/Object;+0
j  java.net.URLClassLoader.findClass(Ljava/lang/String;)Ljava/lang/Class;+13
j  java.lang.ClassLoader.loadClass(Ljava/lang/String;Z)Ljava/lang/Class;+70
j  sun.misc.Launcher$AppClassLoader.loadClass(Ljava/lang/String;Z)Ljava/lang/Class;+81
j  java.lang.ClassLoader.loadClass(Ljava/lang/String;)Ljava/lang/Class;+3
v  ~StubRoutines::call_stub
V  [libjvm.dylib+0x2ef1f6]
V  [libjvm.dylib+0x2ef99a]
V  [libjvm.dylib+0x2efaf2]
V  [libjvm.dylib+0x53f8c6]
V  [libjvm.dylib+0x53f08e]
V  [libjvm.dylib+0x53fae2]
V  [libjvm.dylib+0x540195]
V  [libjvm.dylib+0x1e36da]
V  [libjvm.dylib+0x45383e]
V  [libjvm.dylib+0x2eabe9]
j  stellarium.StellariumSlave.setRaDec(LStellarStructures/RaDec;)V+0
j  com.stellarcommand.StellariumOSCServer.processRaDec(Lde/sciss/net/OSCMessage;)V+39
j  com.stellarcommand.StellariumOSCServer.messageReceived(Lde/sciss/net/OSCMessage;Ljava/net/SocketAddress;J)V+1046
j  com.stellarcommand.StellariumOSCServer$$Lambda$12.messageReceived(Lde/sciss/net/OSCMessage;Ljava/net/SocketAddress;J)V+7
j  com.stellarcommand.OSCUDPReceiver.dispatchMessage(Lde/sciss/net/OSCMessage;Ljava/net/SocketAddress;J)V+46
j  com.stellarcommand.OSCUDPReceiver.dispatchPacket(Lde/sciss/net/OSCPacket;Ljava/net/SocketAddress;J)V+14
j  com.stellarcommand.OSCUDPReceiver.messageReceived(Ljava/net/DatagramPacket;Ljava/net/SocketAddress;)V+52
j  com.stellarcommand.OSCUDPReceiver$$Lambda$11.messageReceived(Ljava/net/DatagramPacket;Ljava/net/SocketAddress;)V+6
j  com.stellarcommand.StaticUDPReceiver.dispatchPacket(Ljava/net/DatagramPacket;Ljava/net/SocketAddress;)V+44
j  com.stellarcommand.StaticUDPReceiver.doReceive()V+40
j  com.stellarcommand.StaticUDPReceiver.lambda$start$0()V+1
j  com.stellarcommand.StaticUDPReceiver$$Lambda$10.run()V+4
j  java.lang.Thread.run()V+11
v  ~StubRoutines::call_stub
V  [libjvm.dylib+0x2ef1f6]
V  [libjvm.dylib+0x2ef99a]
V  [libjvm.dylib+0x2efb46]
V  [libjvm.dylib+0x34a46d]
V  [libjvm.dylib+0x56eb0f]
V  [libjvm.dylib+0x57020a]
V  [libjvm.dylib+0x48d4a6]
C  [libsystem_pthread.dylib+0x3661]  _pthread_body+0x154
C  [libsystem_pthread.dylib+0x350d]  _pthread_body+0x0
C  [libsystem_pthread.dylib+0x2bf9]  thread_start+0xd
C  0x0000000000000000

Java frames: (J=compiled Java code, j=interpreted, Vv=VM code)
j  java.util.zip.ZipFile.getEntry(J[BZ)J+0
j  java.util.zip.ZipFile.getEntry(Ljava/lang/String;)Ljava/util/zip/ZipEntry;+38
J 226 C1 sun.misc.URLClassPath$JarLoader.getResource(Ljava/lang/String;Z)Lsun/misc/Resource; (85 bytes) @ 0x0000000117bdc7c4 [0x0000000117bdc560+0x264]
j  sun.misc.URLClassPath.getResource(Ljava/lang/String;Z)Lsun/misc/Resource;+62
j  java.net.URLClassLoader$1.run()Ljava/lang/Class;+26
j  java.net.URLClassLoader$1.run()Ljava/lang/Object;+1
v  ~StubRoutines::call_stub
j  java.security.AccessController.doPrivileged(Ljava/security/PrivilegedExceptionAction;Ljava/security/AccessControlContext;)Ljava/lang/Object;+0
j  java.net.URLClassLoader.findClass(Ljava/lang/String;)Ljava/lang/Class;+13
j  java.lang.ClassLoader.loadClass(Ljava/lang/String;Z)Ljava/lang/Class;+70
j  sun.misc.Launcher$AppClassLoader.loadClass(Ljava/lang/String;Z)Ljava/lang/Class;+81
j  java.lang.ClassLoader.loadClass(Ljava/lang/String;)Ljava/lang/Class;+3
v  ~StubRoutines::call_stub
j  stellarium.StellariumSlave.setRaDec(LStellarStructures/RaDec;)V+0
j  com.stellarcommand.StellariumOSCServer.processRaDec(Lde/sciss/net/OSCMessage;)V+39
j  com.stellarcommand.StellariumOSCServer.messageReceived(Lde/sciss/net/OSCMessage;Ljava/net/SocketAddress;J)V+1046
j  com.stellarcommand.StellariumOSCServer$$Lambda$12.messageReceived(Lde/sciss/net/OSCMessage;Ljava/net/SocketAddress;J)V+7
j  com.stellarcommand.OSCUDPReceiver.dispatchMessage(Lde/sciss/net/OSCMessage;Ljava/net/SocketAddress;J)V+46
j  com.stellarcommand.OSCUDPReceiver.dispatchPacket(Lde/sciss/net/OSCPacket;Ljava/net/SocketAddress;J)V+14
j  com.stellarcommand.OSCUDPReceiver.messageReceived(Ljava/net/DatagramPacket;Ljava/net/SocketAddress;)V+52
j  com.stellarcommand.OSCUDPReceiver$$Lambda$11.messageReceived(Ljava/net/DatagramPacket;Ljava/net/SocketAddress;)V+6
j  com.stellarcommand.StaticUDPReceiver.dispatchPacket(Ljava/net/DatagramPacket;Ljava/net/SocketAddress;)V+44
j  com.stellarcommand.StaticUDPReceiver.doReceive()V+40
j  com.stellarcommand.StaticUDPReceiver.lambda$start$0()V+1
j  com.stellarcommand.StaticUDPReceiver$$Lambda$10.run()V+4
j  java.lang.Thread.run()V+11
v  ~StubRoutines::call_stub

---------------  P R O C E S S  ---------------

Java Threads: ( => current thread )
  0x00007fe3dd863800 JavaThread "Keep-Alive-Timer" daemon [_thread_blocked, id=24599, stack(0x000070000d455000,0x000070000d555000)]
  0x00007fe3db930800 JavaThread "Thread-18" [_thread_blocked, id=24067, stack(0x000070000d352000,0x000070000d452000)]
  0x00007fe3dc09e000 JavaThread "Thread-17" [_thread_blocked, id=39427, stack(0x000070000d24f000,0x000070000d34f000)]
  0x00007fe3db934800 JavaThread "Thread-16" [_thread_blocked, id=23811, stack(0x000070000d14c000,0x000070000d24c000)]
  0x00007fe3db12a000 JavaThread "Thread-15" [_thread_blocked, id=23555, stack(0x000070000d049000,0x000070000d149000)]
  0x00007fe3dc01f000 JavaThread "Thread-14" [_thread_blocked, id=40451, stack(0x000070000cf46000,0x000070000d046000)]
  0x00007fe3db859800 JavaThread "Thread-13" [_thread_blocked, id=23299, stack(0x000070000ce43000,0x000070000cf43000)]
  0x00007fe3dc01e800 JavaThread "Thread-12" [_thread_blocked, id=41219, stack(0x000070000cd40000,0x000070000ce40000)]
  0x00007fe3db129000 JavaThread "Thread-11" [_thread_blocked, id=41475, stack(0x000070000cc3d000,0x000070000cd3d000)]
  0x00007fe3da88d800 JavaThread "Thread-10" [_thread_blocked, id=41987, stack(0x000070000cb3a000,0x000070000cc3a000)]
=>0x00007fe3da88e800 JavaThread "Thread-9" [_thread_in_native, id=42499, stack(0x000070000ca37000,0x000070000cb37000)]
  0x00007fe3da92e800 JavaThread "Thread-8" [_thread_blocked, id=22531, stack(0x000070000c934000,0x000070000ca34000)]
  0x00007fe3da92d800 JavaThread "Thread-7" [_thread_blocked, id=22019, stack(0x000070000c831000,0x000070000c931000)]
  0x00007fe3da92d000 JavaThread "Thread-6" [_thread_blocked, id=43011, stack(0x000070000c72e000,0x000070000c82e000)]
  0x00007fe3db92a800 JavaThread "Thread-5" [_thread_blocked, id=21763, stack(0x000070000c62b000,0x000070000c72b000)]
  0x00007fe3db929800 JavaThread "Thread-4" [_thread_blocked, id=16387, stack(0x000070000c528000,0x000070000c628000)]
  0x00007fe3db929000 JavaThread "Thread-3" [_thread_blocked, id=16643, stack(0x000070000c425000,0x000070000c525000)]
  0x00007fe3db928000 JavaThread "Thread-2" [_thread_blocked, id=17155, stack(0x000070000c322000,0x000070000c422000)]
  0x00007fe3db927800 JavaThread "Thread-1" [_thread_blocked, id=17667, stack(0x000070000c21f000,0x000070000c31f000)]
  0x00007fe3db820800 JavaThread "Thread-0" [_thread_blocked, id=15619, stack(0x000070000c11c000,0x000070000c21c000)]
  0x00007fe3da84b800 JavaThread "Service Thread" daemon [_thread_blocked, id=18435, stack(0x000070000bf16000,0x000070000c016000)]
  0x00007fe3da852000 JavaThread "C1 CompilerThread2" daemon [_thread_blocked, id=14595, stack(0x000070000be13000,0x000070000bf13000)]
  0x00007fe3da851000 JavaThread "C2 CompilerThread1" daemon [_thread_blocked, id=18947, stack(0x000070000bd10000,0x000070000be10000)]
  0x00007fe3db000000 JavaThread "C2 CompilerThread0" daemon [_thread_blocked, id=19203, stack(0x000070000bc0d000,0x000070000bd0d000)]
  0x00007fe3da84d000 JavaThread "Signal Dispatcher" daemon [_thread_blocked, id=13831, stack(0x000070000bb0a000,0x000070000bc0a000)]
  0x00007fe3da84a000 JavaThread "Finalizer" daemon [_thread_blocked, id=20995, stack(0x000070000ba07000,0x000070000bb07000)]
  0x00007fe3da847000 JavaThread "Reference Handler" daemon [_thread_blocked, id=11779, stack(0x000070000b904000,0x000070000ba04000)]
  0x00007fe3da803800 JavaThread "main" [_thread_blocked, id=5891, stack(0x000070000b2f2000,0x000070000b3f2000)]

Other Threads:
  0x00007fe3da844800 VMThread [stack: 0x000070000b801000,0x000070000b901000] [id=11523]
  0x00007fe3db001000 WatcherThread [stack: 0x000070000c019000,0x000070000c119000] [id=18179]

VM state:not at safepoint (normal execution)

VM Mutex/Monitor currently owned by a thread: None

Heap:
 PSYoungGen      total 25088K, used 15446K [0x0000000795580000, 0x0000000796f80000, 0x00000007c0000000)
  eden space 23552K, 60% used [0x0000000795580000,0x0000000796370dd8,0x0000000796c80000)
  from space 1536K, 76% used [0x0000000796e00000,0x0000000796f24a38,0x0000000796f80000)
  to   space 1536K, 0% used [0x0000000796c80000,0x0000000796c80000,0x0000000796e00000)
 ParOldGen       total 87552K, used 2044K [0x0000000740000000, 0x0000000745580000, 0x0000000795580000)
  object space 87552K, 2% used [0x0000000740000000,0x00000007401ff280,0x0000000745580000)
 Metaspace       used 5698K, capacity 5930K, committed 6144K, reserved 1056768K
  class space    used 569K, capacity 647K, committed 768K, reserved 1048576K

Card table byte_map: [0x000000010c56e000,0x000000010c96f000] byte_map_base: 0x0000000108b6e000

Marking Bits: (ParMarkBitMap*) 0x000000010baf76e0
 Begin Bits: [0x000000010cc1a000, 0x000000010ec1a000)
 End Bits:   [0x000000010ec1a000, 0x0000000110c1a000)

Polling page: 0x000000010a96a000

CodeCache: size=245760Kb used=4254Kb max_used=4421Kb free=241505Kb
 bounds [0x0000000117a66000, 0x0000000117ec6000, 0x0000000126a66000]
 total_blobs=1131 nmethods=847 adapters=198
 compilation: enabled

Compilation events (10 events):
Event: 734.906 Thread 0x00007fe3da852000  945   !   3       java.io.PrintStream::write (83 bytes)
Event: 734.906 Thread 0x00007fe3da852000 nmethod 945 0x0000000117c750d0 code [0x0000000117c75300, 0x0000000117c75ea8]
Event: 735.929 Thread 0x00007fe3db000000  946   !   4       java.io.BufferedWriter::write (117 bytes)
Event: 735.935 Thread 0x00007fe3db000000 nmethod 946 0x0000000117ce8bd0 code [0x0000000117ce8d40, 0x0000000117ce93b8]
Event: 739.014 Thread 0x00007fe3da851000  947       4       java.io.OutputStreamWriter::write (11 bytes)
Event: 739.027 Thread 0x00007fe3da851000 nmethod 947 0x0000000117c9aed0 code [0x0000000117c9b0a0, 0x0000000117c9ba48]
Event: 741.056 Thread 0x00007fe3da852000  948       3       java.util.HashMap$HashIterator::nextNode (100 bytes)
Event: 741.056 Thread 0x00007fe3da852000 nmethod 948 0x0000000117eaa010 code [0x0000000117eaa1c0, 0x0000000117eaa678]
Event: 743.105 Thread 0x00007fe3db000000  949  s    4       sun.net.www.MessageHeader::add (35 bytes)
Event: 743.111 Thread 0x00007fe3db000000 nmethod 949 0x0000000117c74550 code [0x0000000117c746c0, 0x0000000117c74e18]

GC Heap History (10 events):
Event: 708.476 GC heap before
{Heap before GC invocations=78 (full 0):
 PSYoungGen      total 25600K, used 24850K [0x0000000795580000, 0x0000000797080000, 0x00000007c0000000)
  eden space 23552K, 100% used [0x0000000795580000,0x0000000796c80000,0x0000000796c80000)
  from space 2048K, 63% used [0x0000000796c80000,0x0000000796dc4a38,0x0000000796e80000)
  to   space 2048K, 0% used [0x0000000796e80000,0x0000000796e80000,0x0000000797080000)
 ParOldGen       total 87552K, used 1996K [0x0000000740000000, 0x0000000745580000, 0x0000000795580000)
  object space 87552K, 2% used [0x0000000740000000,0x00000007401f3280,0x0000000745580000)
 Metaspace       used 5695K, capacity 5930K, committed 6144K, reserved 1056768K
  class space    used 568K, capacity 647K, committed 768K, reserved 1048576K
Event: 708.478 GC heap after
Heap after GC invocations=78 (full 0):
 PSYoungGen      total 25600K, used 1234K [0x0000000795580000, 0x0000000797080000, 0x00000007c0000000)
  eden space 23552K, 0% used [0x0000000795580000,0x0000000795580000,0x0000000796c80000)
  from space 2048K, 60% used [0x0000000796e80000,0x0000000796fb4a38,0x0000000797080000)
  to   space 2048K, 0% used [0x0000000796c80000,0x0000000796c80000,0x0000000796e80000)
 ParOldGen       total 87552K, used 2004K [0x0000000740000000, 0x0000000745580000, 0x0000000795580000)
  object space 87552K, 2% used [0x0000000740000000,0x00000007401f5280,0x0000000745580000)
 Metaspace       used 5695K, capacity 5930K, committed 6144K, reserved 1056768K
  class space    used 568K, capacity 647K, committed 768K, reserved 1048576K
}
Event: 716.672 GC heap before
{Heap before GC invocations=79 (full 0):
 PSYoungGen      total 25600K, used 24786K [0x0000000795580000, 0x0000000797080000, 0x00000007c0000000)
  eden space 23552K, 100% used [0x0000000795580000,0x0000000796c80000,0x0000000796c80000)
  from space 2048K, 60% used [0x0000000796e80000,0x0000000796fb4a38,0x0000000797080000)
  to   space 2048K, 0% used [0x0000000796c80000,0x0000000796c80000,0x0000000796e80000)
 ParOldGen       total 87552K, used 2004K [0x0000000740000000, 0x0000000745580000, 0x0000000795580000)
  object space 87552K, 2% used [0x0000000740000000,0x00000007401f5280,0x0000000745580000)
 Metaspace       used 5695K, capacity 5930K, committed 6144K, reserved 1056768K
  class space    used 568K, capacity 647K, committed 768K, reserved 1048576K
Event: 716.674 GC heap after
Heap after GC invocations=79 (full 0):
 PSYoungGen      total 25600K, used 1202K [0x0000000795580000, 0x0000000797080000, 0x00000007c0000000)
  eden space 23552K, 0% used [0x0000000795580000,0x0000000795580000,0x0000000796c80000)
  from space 2048K, 58% used [0x0000000796c80000,0x0000000796daca38,0x0000000796e80000)
  to   space 2048K, 0% used [0x0000000796e80000,0x0000000796e80000,0x0000000797080000)
 ParOldGen       total 87552K, used 2012K [0x0000000740000000, 0x0000000745580000, 0x0000000795580000)
  object space 87552K, 2% used [0x0000000740000000,0x00000007401f7280,0x0000000745580000)
 Metaspace       used 5695K, capacity 5930K, committed 6144K, reserved 1056768K
  class space    used 568K, capacity 647K, committed 768K, reserved 1048576K
}
Event: 724.862 GC heap before
{Heap before GC invocations=80 (full 0):
 PSYoungGen      total 25600K, used 24754K [0x0000000795580000, 0x0000000797080000, 0x00000007c0000000)
  eden space 23552K, 100% used [0x0000000795580000,0x0000000796c80000,0x0000000796c80000)
  from space 2048K, 58% used [0x0000000796c80000,0x0000000796daca38,0x0000000796e80000)
  to   space 2048K, 0% used [0x0000000796e80000,0x0000000796e80000,0x0000000797080000)
 ParOldGen       total 87552K, used 2012K [0x0000000740000000, 0x0000000745580000, 0x0000000795580000)
  object space 87552K, 2% used [0x0000000740000000,0x00000007401f7280,0x0000000745580000)
 Metaspace       used 5695K, capacity 5930K, committed 6144K, reserved 1056768K
  class space    used 568K, capacity 647K, committed 768K, reserved 1048576K
Event: 724.865 GC heap after
Heap after GC invocations=80 (full 0):
 PSYoungGen      total 25600K, used 1202K [0x0000000795580000, 0x0000000797080000, 0x00000007c0000000)
  eden space 23552K, 0% used [0x0000000795580000,0x0000000795580000,0x0000000796c80000)
  from space 2048K, 58% used [0x0000000796e80000,0x0000000796faca38,0x0000000797080000)
  to   space 2048K, 0% used [0x0000000796c80000,0x0000000796c80000,0x0000000796e80000)
 ParOldGen       total 87552K, used 2020K [0x0000000740000000, 0x0000000745580000, 0x0000000795580000)
  object space 87552K, 2% used [0x0000000740000000,0x00000007401f9280,0x0000000745580000)
 Metaspace       used 5695K, capacity 5930K, committed 6144K, reserved 1056768K
  class space    used 568K, capacity 647K, committed 768K, reserved 1048576K
}
Event: 732.866 GC heap before
{Heap before GC invocations=81 (full 0):
 PSYoungGen      total 25600K, used 24754K [0x0000000795580000, 0x0000000797080000, 0x00000007c0000000)
  eden space 23552K, 100% used [0x0000000795580000,0x0000000796c80000,0x0000000796c80000)
  from space 2048K, 58% used [0x0000000796e80000,0x0000000796faca38,0x0000000797080000)
  to   space 2048K, 0% used [0x0000000796c80000,0x0000000796c80000,0x0000000796e80000)
 ParOldGen       total 87552K, used 2020K [0x0000000740000000, 0x0000000745580000, 0x0000000795580000)
  object space 87552K, 2% used [0x0000000740000000,0x00000007401f9280,0x0000000745580000)
 Metaspace       used 5696K, capacity 5930K, committed 6144K, reserved 1056768K
  class space    used 568K, capacity 647K, committed 768K, reserved 1048576K
Event: 732.868 GC heap after
Heap after GC invocations=81 (full 0):
 PSYoungGen      total 25088K, used 1138K [0x0000000795580000, 0x0000000796f80000, 0x00000007c0000000)
  eden space 23552K, 0% used [0x0000000795580000,0x0000000795580000,0x0000000796c80000)
  from space 1536K, 74% used [0x0000000796c80000,0x0000000796d9ca38,0x0000000796e00000)
  to   space 1536K, 0% used [0x0000000796e00000,0x0000000796e00000,0x0000000796f80000)
 ParOldGen       total 87552K, used 2028K [0x0000000740000000, 0x0000000745580000, 0x0000000795580000)
  object space 87552K, 2% used [0x0000000740000000,0x00000007401fb280,0x0000000745580000)
 Metaspace       used 5696K, capacity 5930K, committed 6144K, reserved 1056768K
  class space    used 568K, capacity 647K, committed 768K, reserved 1048576K
}
Event: 740.251 GC heap before
{Heap before GC invocations=82 (full 0):
 PSYoungGen      total 25088K, used 24690K [0x0000000795580000, 0x0000000796f80000, 0x00000007c0000000)
  eden space 23552K, 100% used [0x0000000795580000,0x0000000796c80000,0x0000000796c80000)
  from space 1536K, 74% used [0x0000000796c80000,0x0000000796d9ca38,0x0000000796e00000)
  to   space 1536K, 0% used [0x0000000796e00000,0x0000000796e00000,0x0000000796f80000)
 ParOldGen       total 87552K, used 2028K [0x0000000740000000, 0x0000000745580000, 0x0000000795580000)
  object space 87552K, 2% used [0x0000000740000000,0x00000007401fb280,0x0000000745580000)
 Metaspace       used 5697K, capacity 5930K, committed 6144K, reserved 1056768K
  class space    used 569K, capacity 647K, committed 768K, reserved 1048576K
Event: 740.253 GC heap after
Heap after GC invocations=82 (full 0):
 PSYoungGen      total 25088K, used 1170K [0x0000000795580000, 0x0000000796f80000, 0x00000007c0000000)
  eden space 23552K, 0% used [0x0000000795580000,0x0000000795580000,0x0000000796c80000)
  from space 1536K, 76% used [0x0000000796e00000,0x0000000796f24a38,0x0000000796f80000)
  to   space 1536K, 0% used [0x0000000796c80000,0x0000000796c80000,0x0000000796e00000)
 ParOldGen       total 87552K, used 2044K [0x0000000740000000, 0x0000000745580000, 0x0000000795580000)
  object space 87552K, 2% used [0x0000000740000000,0x00000007401ff280,0x0000000745580000)
 Metaspace       used 5697K, capacity 5930K, committed 6144K, reserved 1056768K
  class space    used 569K, capacity 647K, committed 768K, reserved 1048576K
}

Deoptimization events (10 events):
Event: 1.210 Thread 0x00007fe3db930800 Uncommon trap: reason=unstable_if action=reinterpret pc=0x0000000117c433c8 method=org.json.JSONObject.stringToValue(Ljava/lang/String;)Ljava/lang/Object; @ 43
Event: 5.202 Thread 0x00007fe3dc0a4000 Uncommon trap: reason=unstable_if action=reinterpret pc=0x0000000117c66d08 method=java.util.HashMap.getNode(ILjava/lang/Object;)Ljava/util/HashMap$Node; @ 49
Event: 10.204 Thread 0x00007fe3dc0a4000 Uncommon trap: reason=unstable_if action=reinterpret pc=0x0000000117c38810 method=java.util.HashMap.getNode(ILjava/lang/Object;)Ljava/util/HashMap$Node; @ 49
Event: 129.020 Thread 0x00007fe3da88e800 Uncommon trap: reason=class_check action=maybe_recompile pc=0x0000000117e95de8 method=java.util.regex.Matcher.search(I)Z @ 86
Event: 129.020 Thread 0x00007fe3da88e800 Uncommon trap: reason=class_check action=maybe_recompile pc=0x0000000117e95de8 method=java.util.regex.Matcher.search(I)Z @ 86
Event: 134.067 Thread 0x00007fe3da88e800 Uncommon trap: reason=class_check action=maybe_recompile pc=0x0000000117e95de8 method=java.util.regex.Matcher.search(I)Z @ 86
Event: 134.067 Thread 0x00007fe3da88e800 Uncommon trap: reason=class_check action=maybe_recompile pc=0x0000000117e95de8 method=java.util.regex.Matcher.search(I)Z @ 86
Event: 732.487 Thread 0x00007fe3db928000 Uncommon trap: reason=unstable_if action=reinterpret pc=0x0000000117c19fb0 method=sun.misc.FloatingDecimal$BinaryToASCIIBuffer.dtoa(IJIZ)V @ 1447
Event: 732.842 Thread 0x00007fe3da92e800 Uncommon trap: reason=unstable_if action=reinterpret pc=0x0000000117c3d058 method=sun.misc.FloatingDecimal$ASCIIToBinaryBuffer.floatValue()F @ 1001
Event: 733.903 Thread 0x00007fe3da92e800 Uncommon trap: reason=unstable_if action=reinterpret pc=0x0000000117ea40f4 method=java.io.BufferedOutputStream.write([BII)V @ 35

Classes redefined (0 events):
No events

Internal exceptions (10 events):
Event: 733.904 Thread 0x00007fe3da92e800 Exception <a 'java/io/IOException'> (0x00000007959fda48) thrown at [/Users/java_re/workspace/8-2-build-macosx-x86_64/jdk8u171/10807/hotspot/src/share/vm/prims/jni.cpp, line 709]
Event: 734.926 Thread 0x00007fe3da92e800 Exception <a 'java/io/IOException'> (0x0000000795d25910) thrown at [/Users/java_re/workspace/8-2-build-macosx-x86_64/jdk8u171/10807/hotspot/src/share/vm/prims/jni.cpp, line 709]
Event: 734.926 Thread 0x00007fe3da92e800 Exception <a 'java/io/IOException'> (0x0000000795d25ba8) thrown at [/Users/java_re/workspace/8-2-build-macosx-x86_64/jdk8u171/10807/hotspot/src/share/vm/prims/jni.cpp, line 709]
Event: 734.926 Thread 0x00007fe3da92e800 Exception <a 'java/io/IOException'> (0x0000000795d25e10) thrown at [/Users/java_re/workspace/8-2-build-macosx-x86_64/jdk8u171/10807/hotspot/src/share/vm/prims/jni.cpp, line 709]
Event: 734.927 Thread 0x00007fe3da92e800 Exception <a 'java/io/IOException'> (0x0000000795d28e18) thrown at [/Users/java_re/workspace/8-2-build-macosx-x86_64/jdk8u171/10807/hotspot/src/share/vm/prims/jni.cpp, line 709]
Event: 734.927 Thread 0x00007fe3da92e800 Exception <a 'java/io/IOException'> (0x0000000795d290b0) thrown at [/Users/java_re/workspace/8-2-build-macosx-x86_64/jdk8u171/10807/hotspot/src/share/vm/prims/jni.cpp, line 709]
Event: 734.927 Thread 0x00007fe3da92e800 Exception <a 'java/io/IOException'> (0x0000000795d29318) thrown at [/Users/java_re/workspace/8-2-build-macosx-x86_64/jdk8u171/10807/hotspot/src/share/vm/prims/jni.cpp, line 709]
Event: 734.927 Thread 0x00007fe3da92e800 Exception <a 'java/io/IOException'> (0x0000000795d2d690) thrown at [/Users/java_re/workspace/8-2-build-macosx-x86_64/jdk8u171/10807/hotspot/src/share/vm/prims/jni.cpp, line 709]
Event: 734.927 Thread 0x00007fe3da92e800 Exception <a 'java/io/IOException'> (0x0000000795d2d928) thrown at [/Users/java_re/workspace/8-2-build-macosx-x86_64/jdk8u171/10807/hotspot/src/share/vm/prims/jni.cpp, line 709]
Event: 734.927 Thread 0x00007fe3da92e800 Exception <a 'java/io/IOException'> (0x0000000795d2db90) thrown at [/Users/java_re/workspace/8-2-build-macosx-x86_64/jdk8u171/10807/hotspot/src/share/vm/prims/jni.cpp, line 709]

Events (10 events):
Event: 740.251 Executing VM operation: ParallelGCFailedAllocation
Event: 740.253 Executing VM operation: ParallelGCFailedAllocation done
Event: 740.253 Executing VM operation: RevokeBias
Event: 740.253 Executing VM operation: RevokeBias done
Event: 740.253 Executing VM operation: RevokeBias
Event: 740.253 Executing VM operation: RevokeBias done
Event: 740.253 Executing VM operation: RevokeBias
Event: 740.253 Executing VM operation: RevokeBias done
Event: 745.285 loading class stellarstructures/ObservationalPoint
Event: 745.285 loading class stellarstructures/ObservationalPoint done


Dynamic libraries:
0x00000000188fd000 	/System/Library/Frameworks/Cocoa.framework/Versions/A/Cocoa
0x00000000188fd000 	/System/Library/Frameworks/Security.framework/Versions/A/Security
0x00000000188fd000 	/System/Library/Frameworks/ApplicationServices.framework/Versions/A/ApplicationServices
0x00000000188fd000 	/usr/lib/libz.1.dylib
0x00000000188fd000 	/usr/lib/libSystem.B.dylib
0x00000000188fd000 	/usr/lib/libobjc.A.dylib
0x00000000188fd000 	/System/Library/Frameworks/CoreFoundation.framework/Versions/A/CoreFoundation
0x00000000188fd000 	/System/Library/Frameworks/Foundation.framework/Versions/C/Foundation
0x00000000188fd000 	/System/Library/Frameworks/AppKit.framework/Versions/C/AppKit
0x00000000188fd000 	/System/Library/Frameworks/CoreData.framework/Versions/A/CoreData
0x00000000188fd000 	/System/Library/PrivateFrameworks/RemoteViewServices.framework/Versions/A/RemoteViewServices
0x00000000188fd000 	/System/Library/PrivateFrameworks/UIFoundation.framework/Versions/A/UIFoundation
0x00000000188fd000 	/System/Library/PrivateFrameworks/DFRFoundation.framework/Versions/A/DFRFoundation
0x00000000188fd000 	/System/Library/Frameworks/Metal.framework/Versions/A/Metal
0x00000000188fd000 	/System/Library/PrivateFrameworks/DesktopServicesPriv.framework/Versions/A/DesktopServicesPriv
0x00000000188fd000 	/usr/lib/libenergytrace.dylib
0x00000000188fd000 	/System/Library/PrivateFrameworks/SkyLight.framework/Versions/A/SkyLight
0x00000000188fd000 	/System/Library/Frameworks/CoreGraphics.framework/Versions/A/CoreGraphics
0x00000000188fd000 	/usr/lib/libScreenReader.dylib
0x00000000188fd000 	/System/Library/Frameworks/Accelerate.framework/Versions/A/Accelerate
0x00000000188fd000 	/System/Library/Frameworks/IOSurface.framework/Versions/A/IOSurface
0x00000000188fd000 	/System/Library/Frameworks/AudioToolbox.framework/Versions/A/AudioToolbox
0x00000000188fd000 	/System/Library/Frameworks/AudioUnit.framework/Versions/A/AudioUnit
0x00000000188fd000 	/System/Library/PrivateFrameworks/DataDetectorsCore.framework/Versions/A/DataDetectorsCore
0x00000000188fd000 	/System/Library/Frameworks/Carbon.framework/Versions/A/Frameworks/HIToolbox.framework/Versions/A/HIToolbox
0x00000000188fd000 	/usr/lib/libicucore.A.dylib
0x00000000188fd000 	/System/Library/Frameworks/QuartzCore.framework/Versions/A/QuartzCore
0x00000000188fd000 	/System/Library/PrivateFrameworks/SignpostNotification.framework/Versions/A/SignpostNotification
0x00000000188fd000 	/System/Library/Frameworks/Carbon.framework/Versions/A/Frameworks/SpeechRecognition.framework/Versions/A/SpeechRecognition
0x00000000188fd000 	/usr/lib/libauto.dylib
0x00000000188fd000 	/usr/lib/libxml2.2.dylib
0x00000000188fd000 	/System/Library/PrivateFrameworks/CoreUI.framework/Versions/A/CoreUI
0x00000000188fd000 	/System/Library/Frameworks/CoreAudio.framework/Versions/A/CoreAudio
0x00000000188fd000 	/System/Library/Frameworks/DiskArbitration.framework/Versions/A/DiskArbitration
0x00000000188fd000 	/usr/lib/liblangid.dylib
0x00000000188fd000 	/System/Library/PrivateFrameworks/MultitouchSupport.framework/Versions/A/MultitouchSupport
0x00000000188fd000 	/System/Library/Frameworks/IOKit.framework/Versions/A/IOKit
0x00000000188fd000 	/usr/lib/libDiagnosticMessagesClient.dylib
0x00000000188fd000 	/System/Library/Frameworks/CoreServices.framework/Versions/A/CoreServices
0x00000000188fd000 	/System/Library/PrivateFrameworks/PerformanceAnalysis.framework/Versions/A/PerformanceAnalysis
0x00000000188fd000 	/System/Library/Frameworks/OpenGL.framework/Versions/A/OpenGL
0x00000000188fd000 	/System/Library/Frameworks/ColorSync.framework/Versions/A/ColorSync
0x00000000188fd000 	/System/Library/Frameworks/CoreImage.framework/Versions/A/CoreImage
0x00000000188fd000 	/System/Library/Frameworks/CoreText.framework/Versions/A/CoreText
0x00000000188fd000 	/System/Library/Frameworks/ImageIO.framework/Versions/A/ImageIO
0x00000000188fd000 	/System/Library/PrivateFrameworks/Backup.framework/Versions/A/Backup
0x00000000188fd000 	/usr/lib/libarchive.2.dylib
0x00000000188fd000 	/System/Library/Frameworks/CFNetwork.framework/Versions/A/CFNetwork
0x00000000188fd000 	/System/Library/Frameworks/SystemConfiguration.framework/Versions/A/SystemConfiguration
0x00000000188fd000 	/usr/lib/libCRFSuite.dylib
0x00000000188fd000 	/usr/lib/libc++.1.dylib
0x00000000188fd000 	/usr/lib/libc++abi.dylib
0x00000000188fd000 	/usr/lib/system/libcache.dylib
0x00000000188fd000 	/usr/lib/system/libcommonCrypto.dylib
0x00000000188fd000 	/usr/lib/system/libcompiler_rt.dylib
0x00000000188fd000 	/usr/lib/system/libcopyfile.dylib
0x00000000188fd000 	/usr/lib/system/libcorecrypto.dylib
0x00000000188fd000 	/usr/lib/system/libdispatch.dylib
0x00000000188fd000 	/usr/lib/system/libdyld.dylib
0x00000000188fd000 	/usr/lib/system/libkeymgr.dylib
0x00000000188fd000 	/usr/lib/system/liblaunch.dylib
0x00000000188fd000 	/usr/lib/system/libmacho.dylib
0x00000000188fd000 	/usr/lib/system/libquarantine.dylib
0x00000000188fd000 	/usr/lib/system/libremovefile.dylib
0x00000000188fd000 	/usr/lib/system/libsystem_asl.dylib
0x00000000188fd000 	/usr/lib/system/libsystem_blocks.dylib
0x00000000188fd000 	/usr/lib/system/libsystem_c.dylib
0x00000000188fd000 	/usr/lib/system/libsystem_configuration.dylib
0x00000000188fd000 	/usr/lib/system/libsystem_coreservices.dylib
0x00000000188fd000 	/usr/lib/system/libsystem_darwin.dylib
0x00000000188fd000 	/usr/lib/system/libsystem_dnssd.dylib
0x00000000188fd000 	/usr/lib/system/libsystem_info.dylib
0x00000000188fd000 	/usr/lib/system/libsystem_m.dylib
0x00000000188fd000 	/usr/lib/system/libsystem_malloc.dylib
0x00000000188fd000 	/usr/lib/system/libsystem_network.dylib
0x00000000188fd000 	/usr/lib/system/libsystem_networkextension.dylib
0x00000000188fd000 	/usr/lib/system/libsystem_notify.dylib
0x00000000188fd000 	/usr/lib/system/libsystem_sandbox.dylib
0x00000000188fd000 	/usr/lib/system/libsystem_secinit.dylib
0x00000000188fd000 	/usr/lib/system/libsystem_kernel.dylib
0x00000000188fd000 	/usr/lib/system/libsystem_platform.dylib
0x00000000188fd000 	/usr/lib/system/libsystem_pthread.dylib
0x00000000188fd000 	/usr/lib/system/libsystem_symptoms.dylib
0x00000000188fd000 	/usr/lib/system/libsystem_trace.dylib
0x00000000188fd000 	/usr/lib/system/libunwind.dylib
0x00000000188fd000 	/usr/lib/system/libxpc.dylib
0x00000000188fd000 	/usr/lib/closure/libclosured.dylib
0x00000000188fd000 	/usr/lib/libbsm.0.dylib
0x00000000188fd000 	/usr/lib/system/libkxld.dylib
0x00000000188fd000 	/usr/lib/libOpenScriptingUtil.dylib
0x00000000188fd000 	/usr/lib/libcoretls.dylib
0x00000000188fd000 	/usr/lib/libcoretls_cfhelpers.dylib
0x00000000188fd000 	/usr/lib/libpam.2.dylib
0x00000000188fd000 	/usr/lib/libsqlite3.dylib
0x00000000188fd000 	/usr/lib/libxar.1.dylib
0x00000000188fd000 	/usr/lib/libbz2.1.0.dylib
0x00000000188fd000 	/usr/lib/liblzma.5.dylib
0x00000000188fd000 	/usr/lib/libnetwork.dylib
0x00000000188fd000 	/usr/lib/libapple_nghttp2.dylib
0x00000000188fd000 	/usr/lib/libpcap.A.dylib
0x00000000188fd000 	/usr/lib/libboringssl.dylib
0x00000000188fd000 	/usr/lib/libusrtcp.dylib
0x00000000188fd000 	/usr/lib/libapple_crypto.dylib
0x00000000188fd000 	/System/Library/Frameworks/CoreServices.framework/Versions/A/Frameworks/FSEvents.framework/Versions/A/FSEvents
0x00000000188fd000 	/System/Library/Frameworks/CoreServices.framework/Versions/A/Frameworks/CarbonCore.framework/Versions/A/CarbonCore
0x00000000188fd000 	/System/Library/Frameworks/CoreServices.framework/Versions/A/Frameworks/Metadata.framework/Versions/A/Metadata
0x00000000188fd000 	/System/Library/Frameworks/CoreServices.framework/Versions/A/Frameworks/OSServices.framework/Versions/A/OSServices
0x00000000188fd000 	/System/Library/Frameworks/CoreServices.framework/Versions/A/Frameworks/SearchKit.framework/Versions/A/SearchKit
0x00000000188fd000 	/System/Library/Frameworks/CoreServices.framework/Versions/A/Frameworks/AE.framework/Versions/A/AE
0x00000000188fd000 	/System/Library/Frameworks/CoreServices.framework/Versions/A/Frameworks/LaunchServices.framework/Versions/A/LaunchServices
0x00000000188fd000 	/System/Library/Frameworks/CoreServices.framework/Versions/A/Frameworks/DictionaryServices.framework/Versions/A/DictionaryServices
0x00000000188fd000 	/System/Library/Frameworks/CoreServices.framework/Versions/A/Frameworks/SharedFileList.framework/Versions/A/SharedFileList
0x00000000188fd000 	/System/Library/Frameworks/NetFS.framework/Versions/A/NetFS
0x00000000188fd000 	/System/Library/PrivateFrameworks/NetAuth.framework/Versions/A/NetAuth
0x00000000188fd000 	/System/Library/PrivateFrameworks/login.framework/Versions/A/Frameworks/loginsupport.framework/Versions/A/loginsupport
0x00000000188fd000 	/System/Library/PrivateFrameworks/TCC.framework/Versions/A/TCC
0x00000000188fd000 	/usr/lib/libmecabra.dylib
0x00000000188fd000 	/System/Library/Frameworks/ApplicationServices.framework/Versions/A/Frameworks/ATS.framework/Versions/A/ATS
0x00000000188fd000 	/System/Library/Frameworks/ApplicationServices.framework/Versions/A/Frameworks/ColorSyncLegacy.framework/Versions/A/ColorSyncLegacy
0x00000000188fd000 	/System/Library/Frameworks/ApplicationServices.framework/Versions/A/Frameworks/HIServices.framework/Versions/A/HIServices
0x00000000188fd000 	/System/Library/Frameworks/ApplicationServices.framework/Versions/A/Frameworks/LangAnalysis.framework/Versions/A/LangAnalysis
0x00000000188fd000 	/System/Library/Frameworks/ApplicationServices.framework/Versions/A/Frameworks/PrintCore.framework/Versions/A/PrintCore
0x00000000188fd000 	/System/Library/Frameworks/ApplicationServices.framework/Versions/A/Frameworks/QD.framework/Versions/A/QD
0x00000000188fd000 	/System/Library/Frameworks/ApplicationServices.framework/Versions/A/Frameworks/SpeechSynthesis.framework/Versions/A/SpeechSynthesis
0x00000000188fd000 	/System/Library/Frameworks/CoreDisplay.framework/Versions/A/CoreDisplay
0x00000000188fd000 	/System/Library/Frameworks/Accelerate.framework/Versions/A/Frameworks/vImage.framework/Versions/A/vImage
0x00000000188fd000 	/System/Library/Frameworks/Accelerate.framework/Versions/A/Frameworks/vecLib.framework/Versions/A/vecLib
0x00000000188fd000 	/System/Library/Frameworks/Accelerate.framework/Versions/A/Frameworks/vecLib.framework/Versions/A/libvDSP.dylib
0x00000000188fd000 	/System/Library/Frameworks/Accelerate.framework/Versions/A/Frameworks/vecLib.framework/Versions/A/libBNNS.dylib
0x00000000188fd000 	/System/Library/Frameworks/Accelerate.framework/Versions/A/Frameworks/vecLib.framework/Versions/A/libQuadrature.dylib
0x00000000188fd000 	/System/Library/Frameworks/Accelerate.framework/Versions/A/Frameworks/vecLib.framework/Versions/A/libvMisc.dylib
0x00000000188fd000 	/System/Library/Frameworks/Accelerate.framework/Versions/A/Frameworks/vecLib.framework/Versions/A/libLAPACK.dylib
0x00000000188fd000 	/System/Library/Frameworks/Accelerate.framework/Versions/A/Frameworks/vecLib.framework/Versions/A/libBLAS.dylib
0x00000000188fd000 	/System/Library/Frameworks/Accelerate.framework/Versions/A/Frameworks/vecLib.framework/Versions/A/libLinearAlgebra.dylib
0x00000000188fd000 	/System/Library/Frameworks/Accelerate.framework/Versions/A/Frameworks/vecLib.framework/Versions/A/libSparse.dylib
0x00000000188fd000 	/System/Library/Frameworks/Accelerate.framework/Versions/A/Frameworks/vecLib.framework/Versions/A/libSparseBLAS.dylib
0x00000000188fd000 	/System/Library/PrivateFrameworks/GPUWrangler.framework/Versions/A/GPUWrangler
0x00000000188fd000 	/System/Library/PrivateFrameworks/IOAccelerator.framework/Versions/A/IOAccelerator
0x00000000188fd000 	/System/Library/PrivateFrameworks/IOPresentment.framework/Versions/A/IOPresentment
0x00000000188fd000 	/System/Library/PrivateFrameworks/DSExternalDisplay.framework/Versions/A/DSExternalDisplay
0x00000000188fd000 	/System/Library/Frameworks/OpenGL.framework/Versions/A/Libraries/libCoreFSCache.dylib
0x00000000188fd000 	/System/Library/Frameworks/CoreVideo.framework/Versions/A/CoreVideo
0x00000000188fd000 	/System/Library/PrivateFrameworks/GraphVisualizer.framework/Versions/A/GraphVisualizer
0x00000000188fd000 	/System/Library/Frameworks/MetalPerformanceShaders.framework/Versions/A/MetalPerformanceShaders
0x00000000188fd000 	/usr/lib/libFosl_dynamic.dylib
0x00000000188fd000 	/System/Library/PrivateFrameworks/FaceCore.framework/Versions/A/FaceCore
0x00000000188fd000 	/System/Library/Frameworks/OpenCL.framework/Versions/A/OpenCL
0x00000000188fd000 	/usr/lib/libcompression.dylib
0x00000000188fd000 	/System/Library/Frameworks/ApplicationServices.framework/Versions/A/Frameworks/ATS.framework/Versions/A/Resources/libFontParser.dylib
0x00000000188fd000 	/System/Library/Frameworks/ApplicationServices.framework/Versions/A/Frameworks/ATS.framework/Versions/A/Resources/libFontRegistry.dylib
0x00000000188fd000 	/System/Library/Frameworks/ImageIO.framework/Versions/A/Resources/libJPEG.dylib
0x00000000188fd000 	/System/Library/Frameworks/ImageIO.framework/Versions/A/Resources/libTIFF.dylib
0x00000000188fd000 	/System/Library/Frameworks/ImageIO.framework/Versions/A/Resources/libPng.dylib
0x00000000188fd000 	/System/Library/Frameworks/ImageIO.framework/Versions/A/Resources/libGIF.dylib
0x00000000188fd000 	/System/Library/Frameworks/ImageIO.framework/Versions/A/Resources/libJP2.dylib
0x00000000188fd000 	/System/Library/Frameworks/ImageIO.framework/Versions/A/Resources/libRadiance.dylib
0x00000000188fd000 	/System/Library/PrivateFrameworks/AppleJPEG.framework/Versions/A/AppleJPEG
0x00000000188fd000 	/System/Library/Frameworks/MetalPerformanceShaders.framework/Frameworks/MPSCore.framework/Versions/A/MPSCore
0x00000000188fd000 	/System/Library/Frameworks/MetalPerformanceShaders.framework/Frameworks/MPSImage.framework/Versions/A/MPSImage
0x00000000188fd000 	/System/Library/Frameworks/MetalPerformanceShaders.framework/Frameworks/MPSNeuralNetwork.framework/Versions/A/MPSNeuralNetwork
0x00000000188fd000 	/System/Library/Frameworks/MetalPerformanceShaders.framework/Frameworks/MPSMatrix.framework/Versions/A/MPSMatrix
0x00000000188fd000 	/System/Library/PrivateFrameworks/MetalTools.framework/Versions/A/MetalTools
0x00000000188fd000 	/System/Library/Frameworks/OpenGL.framework/Versions/A/Libraries/libGLU.dylib
0x00000000188fd000 	/System/Library/Frameworks/OpenGL.framework/Versions/A/Libraries/libGFXShared.dylib
0x00000000188fd000 	/System/Library/Frameworks/OpenGL.framework/Versions/A/Libraries/libGL.dylib
0x00000000188fd000 	/System/Library/Frameworks/OpenGL.framework/Versions/A/Libraries/libGLImage.dylib
0x00000000188fd000 	/System/Library/Frameworks/OpenGL.framework/Versions/A/Libraries/libCVMSPluginSupport.dylib
0x00000000188fd000 	/System/Library/Frameworks/OpenGL.framework/Versions/A/Libraries/libCoreVMClient.dylib
0x00000000188fd000 	/usr/lib/libcups.2.dylib
0x00000000188fd000 	/System/Library/Frameworks/Kerberos.framework/Versions/A/Kerberos
0x00000000188fd000 	/System/Library/Frameworks/GSS.framework/Versions/A/GSS
0x00000000188fd000 	/usr/lib/libresolv.9.dylib
0x00000000188fd000 	/usr/lib/libiconv.2.dylib
0x00000000188fd000 	/System/Library/PrivateFrameworks/Heimdal.framework/Versions/A/Heimdal
0x00000000188fd000 	/usr/lib/libheimdal-asn1.dylib
0x00000000188fd000 	/System/Library/Frameworks/OpenDirectory.framework/Versions/A/OpenDirectory
0x00000000188fd000 	/System/Library/PrivateFrameworks/CommonAuth.framework/Versions/A/CommonAuth
0x00000000188fd000 	/System/Library/Frameworks/OpenDirectory.framework/Versions/A/Frameworks/CFOpenDirectory.framework/Versions/A/CFOpenDirectory
0x00000000188fd000 	/System/Library/Frameworks/SecurityFoundation.framework/Versions/A/SecurityFoundation
0x00000000188fd000 	/System/Library/PrivateFrameworks/APFS.framework/Versions/A/APFS
0x00000000188fd000 	/usr/lib/libutil.dylib
0x00000000188fd000 	/System/Library/PrivateFrameworks/AppleSauce.framework/Versions/A/AppleSauce
0x00000000188fd000 	/System/Library/PrivateFrameworks/LinguisticData.framework/Versions/A/LinguisticData
0x00000000188fd000 	/usr/lib/libmarisa.dylib
0x00000000188fd000 	/System/Library/PrivateFrameworks/Lexicon.framework/Versions/A/Lexicon
0x00000000188fd000 	/usr/lib/libChineseTokenizer.dylib
0x00000000188fd000 	/usr/lib/libcmph.dylib
0x00000000188fd000 	/System/Library/PrivateFrameworks/LanguageModeling.framework/Versions/A/LanguageModeling
0x00000000188fd000 	/System/Library/PrivateFrameworks/CoreEmoji.framework/Versions/A/CoreEmoji
0x00000000188fd000 	/System/Library/Frameworks/ServiceManagement.framework/Versions/A/ServiceManagement
0x00000000188fd000 	/System/Library/PrivateFrameworks/BackgroundTaskManagement.framework/Versions/A/BackgroundTaskManagement
0x00000000188fd000 	/usr/lib/libxslt.1.dylib
0x00000000188fd000 	/System/Library/Frameworks/Carbon.framework/Versions/A/Frameworks/Ink.framework/Versions/A/Ink
0x00000000188fd000 	/System/Library/PrivateFrameworks/TextureIO.framework/Versions/A/TextureIO
0x00000000188fd000 	/usr/lib/libate.dylib
0x00000000188fd000 	/System/Library/PrivateFrameworks/CrashReporterSupport.framework/Versions/A/CrashReporterSupport
0x00000000188fd000 	/System/Library/PrivateFrameworks/Sharing.framework/Versions/A/Sharing
0x00000000188fd000 	/System/Library/PrivateFrameworks/IconServices.framework/Versions/A/IconServices
0x00000000188fd000 	/System/Library/PrivateFrameworks/AuthKit.framework/Versions/A/AuthKit
0x00000000188fd000 	/System/Library/PrivateFrameworks/Apple80211.framework/Versions/A/Apple80211
0x00000000188fd000 	/System/Library/PrivateFrameworks/CoreUtils.framework/Versions/A/CoreUtils
0x00000000188fd000 	/System/Library/Frameworks/CoreWLAN.framework/Versions/A/CoreWLAN
0x00000000188fd000 	/System/Library/Frameworks/IOBluetooth.framework/Versions/A/IOBluetooth
0x00000000188fd000 	/System/Library/PrivateFrameworks/ProtocolBuffer.framework/Versions/A/ProtocolBuffer
0x00000000188fd000 	/System/Library/PrivateFrameworks/MobileKeyBag.framework/Versions/A/MobileKeyBag
0x00000000188fd000 	/System/Library/PrivateFrameworks/CorePhoneNumbers.framework/Versions/A/CorePhoneNumbers
0x00000000188fd000 	/System/Library/PrivateFrameworks/AppleIDAuthSupport.framework/Versions/A/AppleIDAuthSupport
0x00000000188fd000 	/System/Library/PrivateFrameworks/KeychainCircle.framework/Versions/A/KeychainCircle
0x00000000188fd000 	/System/Library/PrivateFrameworks/CoreWiFi.framework/Versions/A/CoreWiFi
0x00000000188fd000 	/System/Library/Frameworks/CoreBluetooth.framework/Versions/A/CoreBluetooth
0x00000000188fd000 	/System/Library/PrivateFrameworks/DebugSymbols.framework/Versions/A/DebugSymbols
0x00000000188fd000 	/System/Library/PrivateFrameworks/CoreSymbolication.framework/Versions/A/CoreSymbolication
0x00000000188fd000 	/System/Library/PrivateFrameworks/Symbolication.framework/Versions/A/Symbolication
0x00000000188fd000 	/System/Library/PrivateFrameworks/AppleFSCompression.framework/Versions/A/AppleFSCompression
0x00000000188fd000 	/System/Library/PrivateFrameworks/SpeechRecognitionCore.framework/Versions/A/SpeechRecognitionCore
0x000000010b200000 	/Library/Java/JavaVirtualMachines/jdk1.8.0_171.jdk/Contents/Home/jre/lib/server/libjvm.dylib
0x00000000188fd000 	/usr/lib/libstdc++.6.0.9.dylib
0x000000010a926000 	/Library/Java/JavaVirtualMachines/jdk1.8.0_171.jdk/Contents/Home/jre/lib/libverify.dylib
0x000000010a934000 	/Library/Java/JavaVirtualMachines/jdk1.8.0_171.jdk/Contents/Home/jre/lib/libjava.dylib
0x000000010a9b4000 	/Library/Java/JavaVirtualMachines/jdk1.8.0_171.jdk/Contents/Home/jre/lib/libzip.dylib
0x0000000114485000 	/Library/Java/JavaVirtualMachines/jdk1.8.0_171.jdk/Contents/Home/jre/lib/libnet.dylib

VM Arguments:
java_command: data/jars/StellarCommand.jar port=1234 osc=/Stellar tryport=3333,4444,5555
java_class_path (initial): data/jars/StellarCommand.jar
Launcher Type: SUN_STANDARD

Environment Variables:
PATH=/usr/bin:/bin:/usr/sbin:/sbin
SHELL=/bin/bash

Signal Handlers:
SIGSEGV: [libjvm.dylib+0x5b512d], sa_mask[0]=11111111011111110111111111111111, sa_flags=SA_ONSTACK|SA_RESTART|SA_SIGINFO
SIGBUS: [libjvm.dylib+0x5b512d], sa_mask[0]=11111111011111110111111111111111, sa_flags=SA_RESTART|SA_SIGINFO
SIGFPE: [libjvm.dylib+0x48aa90], sa_mask[0]=11111111011111110111111111111111, sa_flags=SA_RESTART|SA_SIGINFO
SIGPIPE: [libjvm.dylib+0x48aa90], sa_mask[0]=11111111011111110111111111111111, sa_flags=SA_RESTART|SA_SIGINFO
SIGXFSZ: [libjvm.dylib+0x48aa90], sa_mask[0]=11111111011111110111111111111111, sa_flags=SA_RESTART|SA_SIGINFO
SIGILL: [libjvm.dylib+0x48aa90], sa_mask[0]=11111111011111110111111111111111, sa_flags=SA_RESTART|SA_SIGINFO
SIGUSR1: SIG_DFL, sa_mask[0]=00000000000000000000000000000000, sa_flags=none
SIGUSR2: [libjvm.dylib+0x48a5ae], sa_mask[0]=00100000000000000000000000000000, sa_flags=SA_RESTART|SA_SIGINFO
SIGHUP: [libjvm.dylib+0x488b79], sa_mask[0]=11111111011111110111111111111111, sa_flags=SA_RESTART|SA_SIGINFO
SIGINT: SIG_IGN, sa_mask[0]=00000000000000000000000000000000, sa_flags=none
SIGTERM: [libjvm.dylib+0x488b79], sa_mask[0]=11111111011111110111111111111111, sa_flags=SA_RESTART|SA_SIGINFO
SIGQUIT: [libjvm.dylib+0x488b79], sa_mask[0]=11111111011111110111111111111111, sa_flags=SA_RESTART|SA_SIGINFO


---------------  S Y S T E M  ---------------

OS:Bsduname:Darwin 17.7.0 Darwin Kernel Version 17.7.0: Wed Feb 27 00:43:23 PST 2019; root:xnu-4570.71.35~1/RELEASE_X86_64 x86_64
rlimit: STACK 8192k, CORE 0k, NPROC 709, NOFILE 10240, AS infinity
load average:3.36 3.17 2.89

CPU:total 4 (initial active 4) (2 cores per cpu, 2 threads per core) family 6 model 142 stepping 9, cmov, cx8, fxsr, mmx, sse, sse2, sse3, ssse3, sse4.1, sse4.2, popcnt, avx, avx2, aes, clmul, erms, rtm, 3dnowpref, lzcnt, ht, tsc, tscinvbit, bmi1, bmi2, adx

Memory: 4k page, physical 8388608k(53284k free)

/proc/meminfo:


vm_info: Java HotSpot(TM) 64-Bit Server VM (25.171-b11) for bsd-amd64 JRE (1.8.0_171-b11), built on Mar 28 2018 12:50:57 by "java_re" with gcc 4.2.1 (Based on Apple Inc. build 5658) (LLVM build 2336.11.00)

time: Fri May  3 15:30:32 2019
elapsed time: 745 seconds (0d 0h 12m 25s)

